<?xml version="1.0" encoding="utf-8"?><testsuites><testsuite name="pytest" errors="0" failures="0" skipped="0" tests="12" time="0.172" timestamp="2026-02-14T21:48:21.260020+00:00" hostname="3947ce018a11"><testcase classname="ARIS_CONTROL_2.tests.integration.test_login_me_context" name="test_login_me_and_session_context" time="0.001" /><testcase classname="ARIS_CONTROL_2.tests.integration.test_login_me_effective_tenant" name="test_login_me_and_effective_tenant_resolution" time="0.000" /><testcase classname="ARIS_CONTROL_2.tests.integration.test_retry_timeout_behavior" name="test_retry_on_5xx_and_timeout" time="0.001" /><testcase classname="ARIS_CONTROL_2.tests.integration.test_retry_timeout_behavior" name="test_no_retry_on_4xx" time="0.001" /><testcase classname="ARIS_CONTROL_2.tests.integration.test_stores_tenant_scope" name="test_stores_use_effective_tenant_and_idempotency" time="0.001" /><testcase classname="ARIS_CONTROL_2.tests.integration.test_tenant_switch_state_reset" name="test_tenant_switch_resets_dependent_state" time="0.000" /><testcase classname="ARIS_CONTROL_2.tests.integration.test_uat_guardrails_and_idempotency" name="test_u1_superadmin_without_selected_tenant_blocked_from_stores_users" time="0.000" /><testcase classname="ARIS_CONTROL_2.tests.integration.test_uat_guardrails_and_idempotency" name="test_u4_cross_tenant_store_in_user_create_surfaces_trace_id" time="0.000" /><testcase classname="ARIS_CONTROL_2.tests.integration.test_uat_guardrails_and_idempotency" name="test_u5_permission_denied_action_visible_with_trace_id" time="0.000" /><testcase classname="ARIS_CONTROL_2.tests.integration.test_uat_guardrails_and_idempotency" name="test_u6_idempotent_replay_does_not_duplicate_create_or_action" time="0.001" /><testcase classname="ARIS_CONTROL_2.tests.integration.test_users_actions_rbac_ui_guard" name="test_users_actions_hidden_when_permission_missing" time="0.000" /><testcase classname="ARIS_CONTROL_2.tests.integration.test_users_tenant_scope_and_actions" name="test_users_use_effective_tenant_and_actions_refresh" time="0.001" /></testsuite></testsuites>