<?xml version="1.0" encoding="utf-8"?><testsuites><testsuite name="pytest" errors="0" failures="0" skipped="0" tests="3" time="0.048" timestamp="2026-02-14T19:30:36.628666+00:00" hostname="9ac5893f176f"><testcase classname="ARIS_CONTROL_2.tests.unit.test_smoke" name="test_smoke" time="0.001" /><testcase classname="ARIS_CONTROL_2.tests.unit.test_release_preflight_expectations" name="test_preflight_script_contains_required_checks" time="0.000" /><testcase classname="ARIS_CONTROL_2.tests.unit.test_release_preflight_expectations" name="test_smoke_script_contains_release_commands" time="0.000" /></testsuite></testsuites>