<?xml version="1.0" encoding="utf-8"?><testsuites><testsuite name="pytest" errors="0" failures="0" skipped="0" tests="100" time="0.391" timestamp="2026-02-14T21:48:18.011665+00:00" hostname="3947ce018a11"><testcase classname="ARIS_CONTROL_2.tests.unit.test_admin_clients" name="test_admin_clients_paths_and_methods_and_idempotency_headers" time="0.001" /><testcase classname="ARIS_CONTROL_2.tests.unit.test_admin_clients" name="test_api_error_keeps_trace_id" time="0.000" /><testcase classname="ARIS_CONTROL_2.tests.unit.test_admin_clients" name="test_list_clients_return_canonical_listing_shape" time="0.001" /><testcase classname="ARIS_CONTROL_2.tests.unit.test_admin_console_feedback" name="test_api_error_diagnostic_for_network_error" time="0.000" /><testcase classname="ARIS_CONTROL_2.tests.unit.test_admin_console_feedback" name="test_api_error_diagnostic_for_auth_error" time="0.000" /><testcase classname="ARIS_CONTROL_2.tests.unit.test_admin_console_guards" name="test_create_user_blocks_store_tenant_mismatch" time="0.001" /><testcase classname="ARIS_CONTROL_2.tests.unit.test_admin_guards_still_hold" name="test_superadmin_requires_selected_tenant" time="0.001" /><testcase classname="ARIS_CONTROL_2.tests.unit.test_admin_guards_still_hold" name="test_non_superadmin_forces_effective_tenant" time="0.000" /><testcase classname="ARIS_CONTROL_2.tests.unit.test_admin_list_query_params" name="test_list_query_params_exclude_nulls" time="0.001" /><testcase classname="ARIS_CONTROL_2.tests.unit.test_admin_module_mutations_contract" name="test_mutations_send_idempotency_key_and_transaction_id" time="0.001" /><testcase classname="ARIS_CONTROL_2.tests.unit.test_app_config_defaults" name="test_app_config_default_base_url_is_official" time="0.001" /><testcase classname="ARIS_CONTROL_2.tests.unit.test_auth_me_clients" name="test_login_uses_username_or_email" time="0.000" /><testcase classname="ARIS_CONTROL_2.tests.unit.test_auth_me_clients" name="test_me_uses_bearer_token" time="0.001" /><testcase classname="ARIS_CONTROL_2.tests.unit.test_config" name="test_base_url_normalizes_trailing_slash" time="0.001" /><testcase classname="ARIS_CONTROL_2.tests.unit.test_config" name="test_base_url_default_is_official" time="0.001" /><testcase classname="ARIS_CONTROL_2.tests.unit.test_config" name="test_parse_verify_ssl_variants" time="0.000" /><testcase classname="ARIS_CONTROL_2.tests.unit.test_config_defaults" name="test_config_defaults" time="0.001" /><testcase classname="ARIS_CONTROL_2.tests.unit.test_config_defaults" name="test_base_url_normalization_keeps_single_trailing_slash" time="0.001" /><testcase classname="ARIS_CONTROL_2.tests.unit.test_config_defaults" name="test_parse_bool_common_variants" time="0.001" /><testcase classname="ARIS_CONTROL_2.tests.unit.test_csv_exporter" name="test_csv_exporter_creates_valid_csv" time="0.005" /><testcase classname="ARIS_CONTROL_2.tests.unit.test_day1_kickoff_quickwins" name="test_error_banner_unifies_string_format" time="0.001" /><testcase classname="ARIS_CONTROL_2.tests.unit.test_day1_kickoff_quickwins" name="test_admin_refresh_keeps_tenant_and_filters" time="0.003" /><testcase classname="ARIS_CONTROL_2.tests.unit.test_day1_kickoff_quickwins" name="test_admin_duplicate_filters_between_stores_and_users" time="0.001" /><testcase classname="ARIS_CONTROL_2.tests.unit.test_day1_kickoff_quickwins" name="test_admin_validation_errors_are_unified_for_critical_forms" time="0.001" /><testcase classname="ARIS_CONTROL_2.tests.unit.test_day2_listing_state_and_debounce" name="test_debounce_text_waits_configured_time" time="0.000" /><testcase classname="ARIS_CONTROL_2.tests.unit.test_day2_listing_state_and_debounce" name="test_restore_operator_context_restores_filters_and_pagination" time="0.001" /><testcase classname="ARIS_CONTROL_2.tests.unit.test_day2_listing_state_and_debounce" name="test_restore_operator_context_clears_incompatible_role_or_session" time="0.001" /><testcase classname="ARIS_CONTROL_2.tests.unit.test_day3_bulk_users_guardrails" name="test_validate_selection_requires_same_tenant" time="0.000" /><testcase classname="ARIS_CONTROL_2.tests.unit.test_day3_bulk_users_guardrails" name="test_bulk_action_blocked_without_users_actions_permission" time="0.001" /><testcase classname="ARIS_CONTROL_2.tests.unit.test_day3_bulk_users_guardrails" name="test_bulk_results_aggregation_counts_success_and_error" time="0.000" /><testcase classname="ARIS_CONTROL_2.tests.unit.test_day4_advanced_listing" name="test_sort_rows_by_selected_column_desc" time="0.000" /><testcase classname="ARIS_CONTROL_2.tests.unit.test_day4_advanced_listing" name="test_listing_view_persistence_roundtrip" time="0.001" /><testcase classname="ARIS_CONTROL_2.tests.unit.test_day4_advanced_listing" name="test_export_respects_filtered_rows_only_and_sanitizes_sensitive_data" time="0.001" /><testcase classname="ARIS_CONTROL_2.tests.unit.test_day4_rbac_and_tenant_scope" name="test_resolve_mutation_tenant_id_by_role[SUPERADMIN-None-tenant-selected-tenant-selected]" time="0.001" /><testcase classname="ARIS_CONTROL_2.tests.unit.test_day4_rbac_and_tenant_scope" name="test_resolve_mutation_tenant_id_by_role[ADMIN-tenant-token-tenant-selected-tenant-token]" time="0.001" /><testcase classname="ARIS_CONTROL_2.tests.unit.test_day4_rbac_and_tenant_scope" name="test_resolve_mutation_tenant_id_by_role[MANAGER-tenant-token-None-tenant-token]" time="0.001" /><testcase classname="ARIS_CONTROL_2.tests.unit.test_day4_rbac_and_tenant_scope" name="test_resolve_mutation_tenant_id_by_role[USER-tenant-token-tenant-other-tenant-token]" time="0.001" /><testcase classname="ARIS_CONTROL_2.tests.unit.test_day4_rbac_and_tenant_scope" name="test_block_mutation_without_required_tenant_context" time="0.000" /><testcase classname="ARIS_CONTROL_2.tests.unit.test_day4_rbac_and_tenant_scope" name="test_permission_gate_reason_uses_required_copy" time="0.000" /><testcase classname="ARIS_CONTROL_2.tests.unit.test_day4_rbac_and_tenant_scope" name="test_sensitive_action_summary_includes_scope_and_changes" time="0.000" /><testcase classname="ARIS_CONTROL_2.tests.unit.test_day4_session_hardening" name="test_session_guard_redirects_when_token_expired" time="0.001" /><testcase classname="ARIS_CONTROL_2.tests.unit.test_day4_session_hardening" name="test_http_interceptor_calls_handler_for_401_and_403" time="0.014" /><testcase classname="ARIS_CONTROL_2.tests.unit.test_day4_session_hardening" name="test_post_login_context_restore_only_when_scope_compatible" time="0.001" /><testcase classname="ARIS_CONTROL_2.tests.unit.test_day4_session_hardening" name="test_logout_cleans_sensitive_state" time="0.001" /><testcase classname="ARIS_CONTROL_2.tests.unit.test_day4_session_hardening" name="test_validate_token_detects_corrupt" time="0.000" /><testcase classname="ARIS_CONTROL_2.tests.unit.test_day5_diagnostics_and_context" name="test_connectivity_parser_states" time="0.000" /><testcase classname="ARIS_CONTROL_2.tests.unit.test_day5_diagnostics_and_context" name="test_report_sanitization_removes_sensitive_fields" time="0.000" /><testcase classname="ARIS_CONTROL_2.tests.unit.test_day5_diagnostics_and_context" name="test_persistence_restores_tenant_and_filters_and_clears_incompatible" time="0.001" /><testcase classname="ARIS_CONTROL_2.tests.unit.test_day5_listing_cache_and_refresh" name="test_listing_cache_respects_ttl_and_expiration" time="0.000" /><testcase classname="ARIS_CONTROL_2.tests.unit.test_day5_listing_cache_and_refresh" name="test_refresh_keeps_filters_and_page_state" time="0.002" /><testcase classname="ARIS_CONTROL_2.tests.unit.test_day5_listing_cache_and_refresh" name="test_cache_invalidated_after_mutation" time="0.001" /><testcase classname="ARIS_CONTROL_2.tests.unit.test_day5_listing_cache_and_refresh" name="test_retryable_errors_only_for_transient_get" time="0.000" /><testcase classname="ARIS_CONTROL_2.tests.unit.test_day5_support_package" name="test_support_export_sanitizes_sensitive_data" time="0.000" /><testcase classname="ARIS_CONTROL_2.tests.unit.test_day5_support_package" name="test_incidents_rotation_persists_recent_entries" time="0.042" /><testcase classname="ARIS_CONTROL_2.tests.unit.test_day5_support_package" name="test_technical_summary_has_support_fields" time="0.000" /><testcase classname="ARIS_CONTROL_2.tests.unit.test_error_mapper" name="test_error_mapper_known_codes_and_suggestion" time="0.000" /><testcase classname="ARIS_CONTROL_2.tests.unit.test_error_mapper" name="test_error_mapper_fallback_internal_error" time="0.000" /><testcase classname="ARIS_CONTROL_2.tests.unit.test_error_mapper" name="test_error_mapper_maps_http_status_buckets" time="0.000" /><testcase classname="ARIS_CONTROL_2.tests.unit.test_errors" name="test_api_error_from_envelope" time="0.001" /><testcase classname="ARIS_CONTROL_2.tests.unit.test_errors" name="test_api_error_fallback_non_json_uses_header_trace_id" time="0.001" /><testcase classname="ARIS_CONTROL_2.tests.unit.test_form_validation_day2" name="test_validate_tenant_name_trims_and_requires_value" time="0.000" /><testcase classname="ARIS_CONTROL_2.tests.unit.test_form_validation_day2" name="test_validate_store_form_requires_tenant_context" time="0.000" /><testcase classname="ARIS_CONTROL_2.tests.unit.test_form_validation_day2" name="test_validate_user_form_normalizes_email_and_trims_password" time="0.000" /><testcase classname="ARIS_CONTROL_2.tests.unit.test_form_validation_day2" name="test_validate_user_form_rejects_invalid_email" time="0.000" /><testcase classname="ARIS_CONTROL_2.tests.unit.test_form_validation_day2" name="test_build_form_state_blocks_submit_when_invalid" time="0.000" /><testcase classname="ARIS_CONTROL_2.tests.unit.test_form_validation_day2" name="test_map_api_validation_errors_handles_backend_422_shapes" time="0.000" /><testcase classname="ARIS_CONTROL_2.tests.unit.test_idempotency_key_factory" name="test_idempotency_key_factory_normalizes_prefix" time="0.000" /><testcase classname="ARIS_CONTROL_2.tests.unit.test_key_factory" name="test_key_factory_stable_prefix_timestamp_nonce" time="0.000" /><testcase classname="ARIS_CONTROL_2.tests.unit.test_main_api_diagnostics" name="test_api_diagnostics_reports_ok_checks" time="0.000" /><testcase classname="ARIS_CONTROL_2.tests.unit.test_main_api_diagnostics" name="test_api_diagnostics_reports_errors_without_crashing" time="0.000" /><testcase classname="ARIS_CONTROL_2.tests.unit.test_mutation_attempts" name="test_generates_new_idempotency_key_per_new_submit" time="0.000" /><testcase classname="ARIS_CONTROL_2.tests.unit.test_mutation_attempts" name="test_blocks_double_submit_while_mutation_is_loading" time="0.000" /><testcase classname="ARIS_CONTROL_2.tests.unit.test_mutation_feedback" name="test_print_mutation_error_uses_standard_fields" time="0.001" /><testcase classname="ARIS_CONTROL_2.tests.unit.test_normalizers" name="test_normalize_meta_rows_totals_shape" time="0.000" /><testcase classname="ARIS_CONTROL_2.tests.unit.test_normalizers" name="test_normalize_items_shape" time="0.000" /><testcase classname="ARIS_CONTROL_2.tests.unit.test_normalizers" name="test_normalize_direct_list_shape" time="0.000" /><testcase classname="ARIS_CONTROL_2.tests.unit.test_observability_log_contract" name="test_log_action_contains_required_fields_and_no_secrets" time="0.001" /><testcase classname="ARIS_CONTROL_2.tests.unit.test_pagination_ui_state" name="test_pagination_next_prev_goto_bounds" time="0.000" /><testcase classname="ARIS_CONTROL_2.tests.unit.test_permission_gate" name="test_permission_gate_hides_disallowed_action" time="0.000" /><testcase classname="ARIS_CONTROL_2.tests.unit.test_permission_gate" name="test_permission_gate_superadmin_requires_selected_tenant" time="0.000" /><testcase classname="ARIS_CONTROL_2.tests.unit.test_readme_docs_links" name="test_readme_links_key_docs" time="0.000" /><testcase classname="ARIS_CONTROL_2.tests.unit.test_readme_docs_links" name="test_docs_exist" time="0.000" /><testcase classname="ARIS_CONTROL_2.tests.unit.test_release_preflight_expectations" name="test_preflight_script_contains_required_checks" time="0.000" /><testcase classname="ARIS_CONTROL_2.tests.unit.test_release_preflight_expectations" name="test_smoke_script_contains_release_commands" time="0.000" /><testcase classname="ARIS_CONTROL_2.tests.unit.test_smoke" name="test_smoke" time="0.000" /><testcase classname="ARIS_CONTROL_2.tests.unit.test_stores_view_tenant_guard" name="test_stores_view_requires_selected_tenant" time="0.001" /><testcase classname="ARIS_CONTROL_2.tests.unit.test_tenant_context" name="test_superadmin_requires_selected_tenant" time="0.000" /><testcase classname="ARIS_CONTROL_2.tests.unit.test_tenant_context" name="test_non_superadmin_forces_effective_tenant" time="0.000" /><testcase classname="ARIS_CONTROL_2.tests.unit.test_tenant_context_policy" name="test_superadmin_without_selected_tenant_is_blocked" time="0.000" /><testcase classname="ARIS_CONTROL_2.tests.unit.test_tenant_context_policy" name="test_tenant_scoped_uses_token_tenant_id" time="0.000" /><testcase classname="ARIS_CONTROL_2.tests.unit.test_tenants_view_rbac_visibility" name="test_tenants_view_shows_disabled_actions_when_permission_missing" time="0.001" /><testcase classname="ARIS_CONTROL_2.tests.unit.test_users_view_tenant_store_guardrails" name="test_validate_store_blocks_unknown_store" time="0.000" /><testcase classname="ARIS_CONTROL_2.tests.unit.test_users_view_tenant_store_guardrails" name="test_validate_store_blocks_tenant_store_mismatch" time="0.000" /><testcase classname="ARIS_CONTROL_2.tests.unit.test_users_view_tenant_store_guardrails" name="test_validate_store_accepts_match" time="0.000" /><testcase classname="ARIS_CONTROL_2.tests.unit.test_users_view_tenant_store_guardrails" name="test_users_view_requires_selected_tenant" time="0.001" /><testcase classname="ARIS_CONTROL_2.tests.unit.test_users_view_tenant_store_guardrails" name="test_validate_user_action_context_blocks_when_tenant_is_missing" time="0.000" /><testcase classname="ARIS_CONTROL_2.tests.unit.test_users_view_tenant_store_guardrails" name="test_validate_user_action_context_blocks_tenant_mismatch" time="0.000" /><testcase classname="ARIS_CONTROL_2.tests.unit.test_users_view_tenant_store_guardrails" name="test_validate_user_action_context_blocks_missing_permission" time="0.000" /><testcase classname="ARIS_CONTROL_2.tests.unit.test_users_view_tenant_store_guardrails" name="test_validate_user_action_context_accepts_valid_action" time="0.000" /><testcase classname="ARIS_CONTROL_2.tests.unit.test_users_view_tenant_store_guardrails" name="test_render_last_admin_action_shows_trace" time="0.001" /></testsuite></testsuites>