<?xml version="1.0" encoding="utf-8"?><testsuites><testsuite name="pytest" errors="0" failures="0" skipped="0" tests="6" time="0.162" timestamp="2026-02-14T19:30:51.405154+00:00" hostname="9ac5893f176f"><testcase classname="ARIS_CONTROL_2.tests.unit.test_main_api_diagnostics" name="test_api_diagnostics_reports_ok_checks" time="0.001" /><testcase classname="ARIS_CONTROL_2.tests.unit.test_main_api_diagnostics" name="test_api_diagnostics_reports_errors_without_crashing" time="0.000" /><testcase classname="ARIS_CONTROL_2.tests.unit.test_observability_log_contract" name="test_log_action_contains_required_fields_and_no_secrets" time="0.001" /><testcase classname="ARIS_CONTROL_2.tests.unit.test_config_defaults" name="test_config_defaults" time="0.001" /><testcase classname="ARIS_CONTROL_2.tests.unit.test_config_defaults" name="test_base_url_normalization_keeps_single_trailing_slash" time="0.001" /><testcase classname="ARIS_CONTROL_2.tests.unit.test_config_defaults" name="test_parse_bool_common_variants" time="0.001" /></testsuite></testsuites>