<?xml version="1.0" encoding="utf-8"?><testsuites><testsuite name="pytest" errors="0" failures="0" skipped="0" tests="17" time="0.238" timestamp="2026-02-14T19:30:32.452803+00:00" hostname="9ac5893f176f"><testcase classname="ARIS_CONTROL_2.tests.integration.test_login_me_context" name="test_login_me_and_session_context" time="0.001" /><testcase classname="ARIS_CONTROL_2.tests.integration.test_login_me_effective_tenant" name="test_login_me_and_effective_tenant_resolution" time="0.000" /><testcase classname="ARIS_CONTROL_2.tests.integration.test_stores_tenant_scope" name="test_stores_use_effective_tenant_and_idempotency" time="0.001" /><testcase classname="ARIS_CONTROL_2.tests.integration.test_users_tenant_scope_and_actions" name="test_users_use_effective_tenant_and_actions_refresh" time="0.001" /><testcase classname="ARIS_CONTROL_2.tests.integration.test_users_actions_rbac_ui_guard" name="test_users_actions_hidden_when_permission_missing" time="0.000" /><testcase classname="ARIS_CONTROL_2.tests.unit.test_mutation_attempts" name="test_generates_new_idempotency_key_per_new_submit" time="0.000" /><testcase classname="ARIS_CONTROL_2.tests.unit.test_mutation_attempts" name="test_blocks_double_submit_while_mutation_is_loading" time="0.000" /><testcase classname="ARIS_CONTROL_2.tests.integration.test_uat_guardrails_and_idempotency" name="test_u1_superadmin_without_selected_tenant_blocked_from_stores_users" time="0.000" /><testcase classname="ARIS_CONTROL_2.tests.integration.test_uat_guardrails_and_idempotency" name="test_u4_cross_tenant_store_in_user_create_surfaces_trace_id" time="0.000" /><testcase classname="ARIS_CONTROL_2.tests.integration.test_uat_guardrails_and_idempotency" name="test_u5_permission_denied_action_visible_with_trace_id" time="0.001" /><testcase classname="ARIS_CONTROL_2.tests.integration.test_uat_guardrails_and_idempotency" name="test_u6_idempotent_replay_does_not_duplicate_create_or_action" time="0.001" /><testcase classname="ARIS_CONTROL_2.tests.unit.test_permission_gate" name="test_permission_gate_hides_disallowed_action" time="0.000" /><testcase classname="ARIS_CONTROL_2.tests.unit.test_permission_gate" name="test_permission_gate_superadmin_requires_selected_tenant" time="0.000" /><testcase classname="ARIS_CONTROL_2.tests.unit.test_day5_diagnostics_and_context" name="test_connectivity_parser_states" time="0.000" /><testcase classname="ARIS_CONTROL_2.tests.unit.test_day5_diagnostics_and_context" name="test_report_sanitization_removes_sensitive_fields" time="0.000" /><testcase classname="ARIS_CONTROL_2.tests.unit.test_day5_diagnostics_and_context" name="test_persistence_restores_tenant_and_filters_and_clears_incompatible" time="0.003" /><testcase classname="ARIS_CONTROL_2.tests.unit.test_csv_exporter" name="test_csv_exporter_creates_valid_csv" time="0.002" /></testsuite></testsuites>