<?xml version="1.0" encoding="utf-8"?><testsuites><testsuite name="pytest" errors="0" failures="0" skipped="0" tests="251" time="362.490" timestamp="2026-02-14T21:48:25.134124+00:00" hostname="3947ce018a11"><testcase classname="tests.ops.test_backup_drill" name="test_backup_manifest_lifecycle" time="1.920" /><testcase classname="tests.ops.test_backup_manifest" name="test_validate_manifest" time="0.001" /><testcase classname="tests.ops.test_integrity_checks" name="test_total_vendible_status_ok" time="0.703" /><testcase classname="tests.ops.test_integrity_checks" name="test_total_vendible_status_violation" time="0.777" /><testcase classname="tests.ops.test_integrity_checks" name="test_duplicate_epc_ok" time="0.862" /><testcase classname="tests.ops.test_integrity_checks" name="test_duplicate_epc_violation" time="1.096" /><testcase classname="tests.ops.test_integrity_checks" name="test_non_reusable_label_reuse_ok" time="1.068" /><testcase classname="tests.ops.test_integrity_checks" name="test_non_reusable_label_reuse_violation" time="0.926" /><testcase classname="tests.ops.test_integrity_checks" name="test_cash_session_open_ok" time="1.062" /><testcase classname="tests.ops.test_integrity_checks" name="test_cash_session_open_violation" time="1.153" /><testcase classname="tests.ops.test_integrity_checks" name="test_paid_sale_totals_ok" time="0.946" /><testcase classname="tests.ops.test_integrity_checks" name="test_paid_sale_totals_violation" time="1.213" /><testcase classname="tests.ops.test_integrity_checks" name="test_transfer_fsm_ok" time="1.066" /><testcase classname="tests.ops.test_integrity_checks" name="test_transfer_fsm_violation" time="0.734" /><testcase classname="tests.ops.test_integrity_scan_cli" name="test_integrity_scan_no_findings" time="0.815" /><testcase classname="tests.ops.test_integrity_scan_cli" name="test_integrity_scan_critical_exit" time="0.744" /><testcase classname="tests.ops.test_lock_timeout_metrics" name="test_lock_timeout_increments_metric" time="0.018" /><testcase classname="tests.ops.test_observability_logging" name="test_build_request_log_payload" time="0.001" /><testcase classname="tests.ops.test_post_ga_day2_scaffold" name="test_day2_docs_and_manifests_exist" time="0.000" /><testcase classname="tests.ops.test_post_ga_day2_scaffold" name="test_day2_scripts_and_workflow_contract" time="0.001" /><testcase classname="tests.ops.test_post_ga_day3_scaffold" name="test_day3_docs_and_manifests_exist" time="0.001" /><testcase classname="tests.ops.test_post_ga_day3_scaffold" name="test_day3_scripts_and_workflow_contract" time="0.001" /><testcase classname="tests.ops.test_post_ga_day4_scaffold" name="test_day4_docs_scripts_workflow_exist" time="0.001" /><testcase classname="tests.ops.test_post_ga_day4_scaffold" name="test_day4_workflow_contract" time="0.000" /><testcase classname="tests.ops.test_post_ga_day4_scaffold" name="test_retention_dry_run_default" time="0.117" /><testcase classname="tests.ops.test_post_ga_day5_scaffold" name="test_day5_docs_scripts_workflow_exist" time="0.000" /><testcase classname="tests.ops.test_post_ga_day5_scaffold" name="test_day5_workflow_contract" time="0.000" /><testcase classname="tests.ops.test_post_ga_day5_scaffold" name="test_day5_certification_default_outputs" time="0.076" /><testcase classname="tests.ops.test_post_ga_day5_scaffold" name="test_day5_strict_gate_semantics" time="0.074" /><testcase classname="tests.ops.test_post_ga_day6_scaffold" name="test_day6_docs_workflow_and_script_exist" time="0.001" /><testcase classname="tests.ops.test_post_ga_day6_scaffold" name="test_day6_workflow_contract" time="0.000" /><testcase classname="tests.ops.test_post_ga_day6_scaffold" name="test_day6_closeout_script_outputs_artifacts" time="0.066" /><testcase classname="tests.packaging.test_packaging_scripts_contract" name="test_build_scripts_support_required_params" time="0.001" /><testcase classname="tests.packaging.test_packaging_scripts_contract" name="test_build_scripts_include_preflight_checks" time="0.001" /><testcase classname="tests.packaging.test_packaging_scripts_contract" name="test_dry_run_metadata_schema_keys_present" time="0.002" /><testcase classname="tests.packaging.test_packaging_scripts_contract" name="test_outdir_path_normalization_contract" time="0.001" /><testcase classname="tests.packaging.test_packaging_scripts_contract" name="test_no_duplicate_join_of_absolute_outdir" time="0.000" /><testcase classname="tests.packaging.test_packaging_scripts_contract" name="test_build_all_orchestrates_both_and_propagates_failures" time="0.000" /><testcase classname="tests.packaging.test_packaging_scripts_contract" name="test_metadata_json_key_contract_fixture" time="0.000" /><testcase classname="tests.scripts.test_validate_packaging_scaffold" name="test_packaging_scaffold_happy_path" time="0.002" /><testcase classname="tests.scripts.test_validate_packaging_scaffold" name="test_missing_packaging_file_fails_with_explicit_message" time="0.003" /><testcase classname="tests.scripts.test_validate_packaging_scaffold" name="test_missing_pyproject_fails_with_explicit_message" time="0.002" /><testcase classname="tests.scripts.test_validate_packaging_scaffold" name="test_missing_script_marker_fails_with_explicit_message" time="0.002" /><testcase classname="tests.scripts.test_validate_python_client_layout" name="test_happy_path" time="0.002" /><testcase classname="tests.scripts.test_validate_python_client_layout" name="test_missing_pyproject_detected" time="0.002" /><testcase classname="tests.scripts.test_validate_python_client_layout" name="test_blocked_workflow_pattern_detected" time="0.002" /><testcase classname="tests.scripts.test_validate_python_client_layout" name="test_invalid_requirements_editable_detected" time="0.002" /><testcase classname="tests.smoke.test_go_live_validation" name="test_go_live_auth_login_and_me" time="1.677" /><testcase classname="tests.smoke.test_go_live_validation" name="test_go_live_stock_full_table_contract_and_totals" time="1.506" /><testcase classname="tests.smoke.test_go_live_validation" name="test_go_live_transfer_lifecycle_happy_path" time="2.164" /><testcase classname="tests.smoke.test_go_live_validation" name="test_go_live_pos_checkout_and_reports_exports" time="1.621" /><testcase classname="tests.smoke.test_go_live_validation" name="test_go_live_permission_boundary_sanity" time="1.527" /><testcase classname="tests.smoke.test_post_go_live_stability" name="test_post_go_live_auth_and_me" time="1.508" /><testcase classname="tests.smoke.test_post_go_live_stability" name="test_post_go_live_stock_contract_and_totals_invariant" time="1.422" /><testcase classname="tests.smoke.test_post_go_live_stability" name="test_post_go_live_transfer_action_happy_path" time="2.074" /><testcase classname="tests.smoke.test_post_go_live_stability" name="test_post_go_live_pos_checkout_with_cash_session_and_reports" time="1.681" /><testcase classname="tests.smoke.test_post_go_live_stability" name="test_post_go_live_unauthorized_protected_action_blocked" time="1.686" /><testcase classname="tests.smoke.test_post_merge_readiness" name="test_smoke_auth_login_and_me" time="1.512" /><testcase classname="tests.smoke.test_post_merge_readiness" name="test_smoke_stock_query_contract_and_totals_invariant" time="1.601" /><testcase classname="tests.smoke.test_post_merge_readiness" name="test_smoke_transfer_action_lifecycle" time="2.229" /><testcase classname="tests.smoke.test_post_merge_readiness" name="test_smoke_pos_checkout_cash_precondition_and_reports_exports" time="1.641" /><testcase classname="tests.smoke.test_post_merge_readiness" name="test_smoke_idempotency_replay_critical_mutations" time="1.854" /><testcase classname="tests.test_access_control" name="test_effective_permissions_for_roles[SUPERADMIN]" time="1.804" /><testcase classname="tests.test_access_control" name="test_effective_permissions_for_roles[ADMIN]" time="1.628" /><testcase classname="tests.test_access_control" name="test_effective_permissions_for_roles[MANAGER]" time="1.497" /><testcase classname="tests.test_access_control" name="test_effective_permissions_for_roles[USER]" time="1.543" /><testcase classname="tests.test_access_control" name="test_effective_permissions_unauthorized" time="0.696" /><testcase classname="tests.test_access_control" name="test_unknown_permission_denied" time="1.043" /><testcase classname="tests.test_access_control" name="test_default_deny_without_role" time="1.044" /><testcase classname="tests.test_access_control" name="test_explicit_deny_overrides_allow" time="0.948" /><testcase classname="tests.test_access_control" name="test_tenant_scope_safety" time="1.545" /><testcase classname="tests.test_access_control_boundaries" name="test_admin_cannot_cross_tenant_with_user_overrides" time="1.843" /><testcase classname="tests.test_access_control_boundaries" name="test_admin_ceiling_blocks_elevation_on_tenant_policy" time="1.453" /><testcase classname="tests.test_access_control_hierarchy" name="test_access_control_hierarchy_precedence_and_deny_wins" time="1.866" /><testcase classname="tests.test_access_control_idempotency_audit" name="test_admin_idempotency_replay_conflict_and_audit" time="1.587" /><testcase classname="tests.test_access_control_policies" name="test_admin_can_manage_role_policy_and_is_audited" time="1.441" /><testcase classname="tests.test_access_control_policies" name="test_admin_cannot_escalate_past_ceiling" time="1.588" /><testcase classname="tests.test_access_control_policies" name="test_admin_cannot_bypass_ceiling_with_user_overrides" time="1.814" /><testcase classname="tests.test_access_control_policies" name="test_cross_tenant_role_policy_write_denied" time="1.415" /><testcase classname="tests.test_access_control_policies" name="test_user_override_updates_effective_permissions_and_requires_idempotency" time="2.083" /><testcase classname="tests.test_access_control_policies" name="test_store_role_policy_denies_override_allow_and_targeted_read" time="1.858" /><testcase classname="tests.test_access_control_policies" name="test_store_role_policy_respects_store_scope" time="1.750" /><testcase classname="tests.test_access_control_policies" name="test_effective_permissions_user_store_scope_enforced" time="2.079" /><testcase classname="tests.test_access_control_policies" name="test_store_policy_admin_ceiling_applies" time="1.959" /><testcase classname="tests.test_access_control_policies" name="test_role_policy_requires_idempotency_key" time="1.671" /><testcase classname="tests.test_admin_core" name="test_admin_store_tenant_scope_and_idempotency" time="1.837" /><testcase classname="tests.test_admin_core" name="test_admin_user_actions_and_role_ceiling" time="1.981" /><testcase classname="tests.test_admin_core" name="test_admin_user_cross_tenant_denied" time="1.769" /><testcase classname="tests.test_admin_core" name="test_manager_store_scope_user_actions_denied_other_store" time="1.786" /><testcase classname="tests.test_admin_core" name="test_manager_store_scope_user_actions_allowed_same_store" time="1.661" /><testcase classname="tests.test_admin_core" name="test_admin_user_actions_tenant_wide_allowed_same_tenant" time="1.868" /><testcase classname="tests.test_admin_core" name="test_superadmin_user_actions_cross_tenant_allowed" time="1.793" /><testcase classname="tests.test_admin_core" name="test_superadmin_can_manage_cross_tenant_user" time="1.638" /><testcase classname="tests.test_admin_core" name="test_variant_fields_settings_patch_and_audit" time="1.579" /><testcase classname="tests.test_admin_core" name="test_admin_mutations_require_idempotency_key" time="1.547" /><testcase classname="tests.test_admin_core" name="test_admin_user_actions_idempotency_replay_and_conflict" time="1.998" /><testcase classname="tests.test_audit_trace_admin" name="test_admin_create_store_audit_contains_trace_and_no_duplicate_on_replay" time="1.732" /><testcase classname="tests.test_audit_trace_admin" name="test_admin_error_responses_include_trace_id" time="1.488" /><testcase classname="tests.test_auth_flow" name="test_login_success" time="1.329" /><testcase classname="tests.test_auth_flow" name="test_login_with_username_or_email" time="1.197" /><testcase classname="tests.test_auth_flow" name="test_login_invalid_password" time="1.414" /><testcase classname="tests.test_auth_flow" name="test_login_blocked_inactive" time="1.310" /><testcase classname="tests.test_auth_flow" name="test_login_blocked_suspended" time="1.136" /><testcase classname="tests.test_auth_flow" name="test_must_change_password_flow" time="1.828" /><testcase classname="tests.test_auth_flow" name="test_me_unauthorized" time="0.662" /><testcase classname="tests.test_auth_flow" name="test_me_authorized" time="1.344" /><testcase classname="tests.test_effective_permissions_target" name="test_effective_permissions_target_scope" time="2.407" /><testcase classname="tests.test_exports_day4_audit" name="test_exports_audit_events" time="1.719" /><testcase classname="tests.test_exports_day4_create_list_detail" name="test_exports_create_list_detail[csv-reports_overview]" time="1.487" /><testcase classname="tests.test_exports_day4_create_list_detail" name="test_exports_create_list_detail[csv-reports_daily]" time="1.694" /><testcase classname="tests.test_exports_day4_create_list_detail" name="test_exports_create_list_detail[csv-reports_calendar]" time="1.667" /><testcase classname="tests.test_exports_day4_create_list_detail" name="test_exports_create_list_detail[xlsx-reports_overview]" time="1.553" /><testcase classname="tests.test_exports_day4_create_list_detail" name="test_exports_create_list_detail[xlsx-reports_daily]" time="1.619" /><testcase classname="tests.test_exports_day4_create_list_detail" name="test_exports_create_list_detail[xlsx-reports_calendar]" time="1.674" /><testcase classname="tests.test_exports_day4_create_list_detail" name="test_exports_create_list_detail[pdf-reports_overview]" time="1.446" /><testcase classname="tests.test_exports_day4_create_list_detail" name="test_exports_create_list_detail[pdf-reports_daily]" time="1.680" /><testcase classname="tests.test_exports_day4_create_list_detail" name="test_exports_create_list_detail[pdf-reports_calendar]" time="1.524" /><testcase classname="tests.test_exports_day4_download" name="test_exports_download[csv-text/csv]" time="1.667" /><testcase classname="tests.test_exports_day4_download" name="test_exports_download[xlsx-application/vnd.openxmlformats-officedocument.spreadsheetml.sheet]" time="1.481" /><testcase classname="tests.test_exports_day4_download" name="test_exports_download[pdf-application/pdf]" time="1.717" /><testcase classname="tests.test_exports_day4_idempotency" name="test_exports_idempotency_replay_and_conflict" time="1.968" /><testcase classname="tests.test_exports_day4_parity_reports" name="test_exports_parity_with_reports" time="1.654" /><testcase classname="tests.test_exports_day4_security_boundaries" name="test_exports_cross_tenant_denied" time="2.333" /><testcase classname="tests.test_exports_day4_security_boundaries" name="test_exports_rbac_denied" time="1.680" /><testcase classname="tests.test_exports_day5_idempotency_concurrency" name="test_exports_idempotency_in_progress_blocks_duplicate_artifacts" time="1.987" /><testcase classname="tests.test_exports_day5_limits_and_failures" name="test_exports_max_rows_limit_sets_failed_reason" time="1.515" /><testcase classname="tests.test_exports_day5_limits_and_failures" name="test_exports_ready_has_checksum_filesize_content_type" time="1.675" /><testcase classname="tests.test_health" name="test_health" time="0.664" /><testcase classname="tests.test_idempotency_admin" name="test_store_create_idempotency_and_conflict" time="1.682" /><testcase classname="tests.test_idempotency_admin" name="test_store_create_accepts_legacy_x_idempotency_key" time="1.601" /><testcase classname="tests.test_idempotency_audit" name="test_idempotency_replay_change_password" time="1.652" /><testcase classname="tests.test_idempotency_audit" name="test_idempotency_conflict_change_password" time="1.842" /><testcase classname="tests.test_idempotency_audit" name="test_change_password_requires_idempotency_key" time="1.168" /><testcase classname="tests.test_idempotency_audit" name="test_audit_event_created_on_change_password" time="2.064" /><testcase classname="tests.test_migrations_seed" name="test_migrations_apply" time="0.462" /><testcase classname="tests.test_migrations_seed" name="test_seed_is_idempotent" time="0.730" /><testcase classname="tests.test_pos_cash_day1_cash_in_out" name="test_cash_in_out_success_and_negative_blocked" time="1.554" /><testcase classname="tests.test_pos_cash_day1_close" name="test_close_computes_difference_and_immutability" time="1.773" /><testcase classname="tests.test_pos_cash_day1_day_close" name="test_day_close_guardrails_and_timezone_business_date" time="1.782" /><testcase classname="tests.test_pos_cash_day1_idempotency_audit" name="test_pos_cash_idempotency_and_audit" time="1.726" /><testcase classname="tests.test_pos_cash_day1_security_boundaries" name="test_pos_cash_cross_tenant_denied" time="1.939" /><testcase classname="tests.test_pos_cash_day1_security_boundaries" name="test_pos_cash_store_scope_denied" time="1.457" /><testcase classname="tests.test_pos_cash_day1_session_open" name="test_cash_session_open_success_and_duplicate_denied" time="1.686" /><testcase classname="tests.test_pos_cash_day2_audit_integrity" name="test_audit_payloads_for_close_and_day_close" time="1.521" /><testcase classname="tests.test_pos_cash_day2_close_day_uniqueness" name="test_close_day_uniqueness_and_force_rules" time="1.773" /><testcase classname="tests.test_pos_cash_day2_no_double_count_idempotency" name="test_no_double_count_for_idempotent_cash_in" time="1.542" /><testcase classname="tests.test_pos_cash_day2_post_close_guardrails" name="test_post_close_guardrails_block_mutations" time="1.738" /><testcase classname="tests.test_pos_cash_day2_reconciliation_formula" name="test_reconciliation_formula_with_mixed_movements" time="1.717" /><testcase classname="tests.test_pos_cash_day2_security_boundaries" name="test_security_boundaries_for_reconciliation_reads" time="1.879" /><testcase classname="tests.test_pos_cash_day2_security_boundaries" name="test_rbac_denies_cash_read_access" time="1.434" /><testcase classname="tests.test_pos_returns_day7_boundaries" name="test_returns_cross_tenant_denied" time="2.274" /><testcase classname="tests.test_pos_returns_day7_boundaries" name="test_returns_store_scope_and_rbac_denied" time="2.583" /><testcase classname="tests.test_pos_returns_day7_epc_rules" name="test_non_reusable_epc_assign_new_strategy" time="1.806" /><testcase classname="tests.test_pos_returns_day7_epc_rules" name="test_non_reusable_epc_to_pending_strategy" time="1.636" /><testcase classname="tests.test_pos_returns_day7_exchange_atomic" name="test_exchange_atomic_success" time="1.842" /><testcase classname="tests.test_pos_returns_day7_exchange_atomic" name="test_exchange_atomic_rollback_on_failure" time="1.778" /><testcase classname="tests.test_pos_returns_day7_idempotency_audit" name="test_refund_idempotency_and_audit" time="1.714" /><testcase classname="tests.test_pos_returns_day7_refund_payments" name="test_refund_payments_policy_and_cash_movement" time="2.261" /><testcase classname="tests.test_pos_returns_day7_refund_policy" name="test_refund_policy_receipt_and_condition_enforced" time="1.638" /><testcase classname="tests.test_pos_returns_day7_refund_policy" name="test_refund_policy_manager_override_gate" time="1.856" /><testcase classname="tests.test_pos_sales_day6_cancel" name="test_cancel_draft_success" time="1.487" /><testcase classname="tests.test_pos_sales_day6_cancel" name="test_cancel_denied_after_checkout" time="1.902" /><testcase classname="tests.test_pos_sales_day6_checkout_payments" name="test_cash_checkout_success" time="1.871" /><testcase classname="tests.test_pos_sales_day6_checkout_payments" name="test_card_checkout_requires_authorization" time="2.188" /><testcase classname="tests.test_pos_sales_day6_checkout_payments" name="test_transfer_checkout_requires_voucher_details" time="1.560" /><testcase classname="tests.test_pos_sales_day6_checkout_payments" name="test_mixed_payment_and_change_rules" time="2.059" /><testcase classname="tests.test_pos_sales_day6_create_patch" name="test_pos_sale_create_and_patch" time="1.494" /><testcase classname="tests.test_pos_sales_day6_create_patch" name="test_pos_sale_patch_denied_after_checkout" time="1.795" /><testcase classname="tests.test_pos_sales_day6_idempotency_audit" name="test_pos_sale_idempotency_replay_and_conflict" time="1.577" /><testcase classname="tests.test_pos_sales_day6_idempotency_audit" name="test_pos_sale_audit_event_created" time="1.504" /><testcase classname="tests.test_pos_sales_day6_security_boundaries" name="test_pos_sale_tenant_and_store_boundaries" time="2.792" /><testcase classname="tests.test_pos_sales_day6_security_boundaries" name="test_pos_sale_rbac_denied" time="1.457" /><testcase classname="tests.test_pos_sales_day6_stock_deduction" name="test_epc_deducts_rfid" time="1.743" /><testcase classname="tests.test_pos_sales_day6_stock_deduction" name="test_sku_deducts_pending" time="1.580" /><testcase classname="tests.test_pos_sales_day6_stock_deduction" name="test_no_auto_fallback_between_pools" time="1.730" /><testcase classname="tests.test_ready" name="test_ready" time="0.650" /><testcase classname="tests.test_reports_day3_calendar" name="test_reports_calendar_month_totals_match_daily" time="1.776" /><testcase classname="tests.test_reports_day3_daily_timezone" name="test_reports_daily_timezone_boundary_and_week_span" time="1.588" /><testcase classname="tests.test_reports_day3_exchange_netting" name="test_reports_exchange_netting_no_double_count" time="1.798" /><testcase classname="tests.test_reports_day3_overview" name="test_reports_overview_paid_only_and_refund_netting" time="1.644" /><testcase classname="tests.test_reports_day3_profit_snapshot_integrity" name="test_reports_profit_uses_sale_line_snapshot" time="1.517" /><testcase classname="tests.test_reports_day3_security_boundaries" name="test_reports_security_boundaries" time="2.475" /><testcase classname="tests.test_reports_day5_limits_validation" name="test_reports_date_range_limit_validation" time="1.526" /><testcase classname="tests.test_reports_day5_limits_validation" name="test_exports_list_page_size_limit_validation" time="1.681" /><testcase classname="tests.test_reports_day5_performance_shape" name="test_reports_daily_shape_with_moderate_dataset" time="1.671" /><testcase classname="tests.test_reports_exports_day5_observability" name="test_reports_observability_fields_present" time="1.450" /><testcase classname="tests.test_reports_exports_day5_observability" name="test_exports_observability_fields_present" time="1.786" /><testcase classname="tests.test_reports_exports_day5_security_boundaries" name="test_reports_exports_cross_tenant_and_store_scope_denied" time="2.192" /><testcase classname="tests.test_reports_exports_day5_security_boundaries" name="test_reports_rbac_denied_without_permission" time="1.721" /><testcase classname="tests.test_scope_enforcement" name="test_enforce_tenant_scope_blocks_cross_tenant" time="0.001" /><testcase classname="tests.test_scope_enforcement" name="test_enforce_store_scope_blocks_store_mismatch" time="0.688" /><testcase classname="tests.test_settings_boundary" name="test_settings_tenant_boundaries_and_roles" time="3.011" /><testcase classname="tests.test_stock_actions" name="test_write_off_success_rfid" time="1.573" /><testcase classname="tests.test_stock_actions" name="test_action_audit_only_success[REPRICE-payload_overrides0]" time="1.460" /><testcase classname="tests.test_stock_actions" name="test_action_audit_only_success[MARKDOWN_BY_AGE-payload_overrides1]" time="2.165" /><testcase classname="tests.test_stock_actions" name="test_action_audit_only_success[REPRINT_LABEL-payload_overrides2]" time="1.522" /><testcase classname="tests.test_stock_actions" name="test_replace_epc_success" time="1.736" /><testcase classname="tests.test_stock_actions" name="test_epc_lifecycle_success[MARK_EPC_DAMAGED]" time="1.467" /><testcase classname="tests.test_stock_actions" name="test_epc_lifecycle_success[RETIRE_EPC]" time="1.457" /><testcase classname="tests.test_stock_actions" name="test_epc_lifecycle_success[RETURN_EPC_TO_POOL]" time="1.743" /><testcase classname="tests.test_stock_actions" name="test_invalid_epc_format_action" time="1.661" /><testcase classname="tests.test_stock_actions" name="test_duplicate_epc_replace_denied" time="1.703" /><testcase classname="tests.test_stock_actions" name="test_epc_lifecycle_invalid_transition" time="2.034" /><testcase classname="tests.test_stock_actions" name="test_non_reusable_label_cannot_return_to_pool" time="1.463" /><testcase classname="tests.test_stock_actions" name="test_write_off_lost_in_transit_denied" time="1.727" /><testcase classname="tests.test_stock_actions" name="test_stock_action_tenant_boundary_denied" time="1.662" /><testcase classname="tests.test_stock_actions" name="test_stock_action_rbac_denied" time="1.470" /><testcase classname="tests.test_stock_actions" name="test_stock_action_idempotency_replay_and_conflict" time="1.790" /><testcase classname="tests.test_stock_query_contract" name="test_stock_query_contract" time="1.421" /><testcase classname="tests.test_stock_query_filters" name="test_stock_query_filters" time="1.929" /><testcase classname="tests.test_stock_query_tenant_scope" name="test_stock_query_tenant_scope" time="1.981" /><testcase classname="tests.test_stock_query_totals" name="test_stock_query_totals" time="1.422" /><testcase classname="tests.test_stock_write_endpoints" name="test_import_epc_success" time="1.781" /><testcase classname="tests.test_stock_write_endpoints" name="test_import_sku_success" time="1.450" /><testcase classname="tests.test_stock_write_endpoints" name="test_invalid_epc_format" time="1.726" /><testcase classname="tests.test_stock_write_endpoints" name="test_duplicate_epc_same_tenant" time="1.422" /><testcase classname="tests.test_stock_write_endpoints" name="test_migrate_success_total_unchanged" time="1.460" /><testcase classname="tests.test_stock_write_endpoints" name="test_migrate_failure_when_pending_zero" time="1.772" /><testcase classname="tests.test_stock_write_endpoints" name="test_tenant_boundary_enforcement" time="1.649" /><testcase classname="tests.test_stock_write_endpoints" name="test_idempotency_replay_and_conflict_import_epc" time="1.856" /><testcase classname="tests.test_stock_write_endpoints" name="test_idempotency_replay_and_conflict_import_sku" time="1.478" /><testcase classname="tests.test_stock_write_endpoints" name="test_idempotency_replay_and_conflict_migrate" time="1.803" /><testcase classname="tests.test_superadmin_tenants" name="test_superadmin_can_manage_tenants" time="1.507" /><testcase classname="tests.test_superadmin_tenants" name="test_non_superadmin_denied_on_tenants" time="1.522" /><testcase classname="tests.test_superadmin_tenants" name="test_tenant_mutations_require_idempotency_key" time="1.636" /><testcase classname="tests.test_tenant_store_user_integrity" name="test_user_with_store_from_same_tenant_is_valid" time="1.418" /><testcase classname="tests.test_tenant_store_user_integrity" name="test_user_with_store_from_other_tenant_fails" time="1.104" /><testcase classname="tests.test_tenant_store_user_integrity" name="test_migration_upgrade_downgrade_roundtrip" time="0.559" /><testcase classname="tests.test_transfers_day4_cancel" name="test_transfer_cancel_draft_success" time="1.856" /><testcase classname="tests.test_transfers_day4_cancel" name="test_transfer_cancel_dispatched_success" time="1.570" /><testcase classname="tests.test_transfers_day4_cancel" name="test_transfer_cancel_invalid_state_denied" time="1.946" /><testcase classname="tests.test_transfers_day4_create_list_detail" name="test_transfer_create_list_detail" time="1.630" /><testcase classname="tests.test_transfers_day4_create_list_detail" name="test_transfer_list_tenant_scoped" time="2.591" /><testcase classname="tests.test_transfers_day4_dispatch" name="test_transfer_dispatch_success" time="1.751" /><testcase classname="tests.test_transfers_day4_dispatch" name="test_transfer_dispatch_insufficient_stock" time="1.523" /><testcase classname="tests.test_transfers_day4_idempotency_audit" name="test_transfer_idempotency_replay_and_conflict" time="1.907" /><testcase classname="tests.test_transfers_day4_idempotency_audit" name="test_transfer_audit_event_created" time="1.510" /><testcase classname="tests.test_transfers_day4_security_boundaries" name="test_transfer_cross_tenant_denied" time="1.994" /><testcase classname="tests.test_transfers_day4_security_boundaries" name="test_transfer_origin_destination_same_denied" time="1.664" /><testcase classname="tests.test_transfers_day4_security_boundaries" name="test_transfer_rbac_denied" time="1.482" /><testcase classname="tests.test_transfers_day5_idempotency_audit" name="test_transfer_actions_idempotency_replay_and_conflict" time="2.931" /><testcase classname="tests.test_transfers_day5_idempotency_audit" name="test_transfer_actions_audit_events" time="2.400" /><testcase classname="tests.test_transfers_day5_receive" name="test_transfer_receive_full_success" time="2.292" /><testcase classname="tests.test_transfers_day5_receive" name="test_transfer_receive_partial_success" time="2.137" /><testcase classname="tests.test_transfers_day5_receive" name="test_transfer_receive_over_receive_denied" time="1.999" /><testcase classname="tests.test_transfers_day5_receive" name="test_transfer_receive_destination_only_enforced" time="2.110" /><testcase classname="tests.test_transfers_day5_resolve_shortages" name="test_transfer_resolve_shortages_found_and_resend" time="2.532" /><testcase classname="tests.test_transfers_day5_resolve_shortages" name="test_transfer_resolve_shortages_lost_in_route_manager" time="2.965" /><testcase classname="tests.test_transfers_day5_resolve_shortages" name="test_transfer_resolve_shortages_lost_in_route_denied_for_non_manager" time="2.782" /><testcase classname="tests.test_transfers_day5_resolve_shortages" name="test_transfer_resolve_shortages_invalid_payload_denied" time="2.547" /><testcase classname="tests.test_transfers_day5_shortages" name="test_transfer_report_shortages_snapshot" time="2.374" /></testsuite></testsuites>